<?xml version="1.0" encoding="UTF-8"?>
<testng-results ignored="0" total="2" passed="2" failed="0" skipped="0">
  <reporter-output>
  </reporter-output>
  <suite started-at="2019-08-30T18:02:28Z" name="Default suite" finished-at="2019-08-30T18:06:11Z" duration-ms="222213">
    <groups>
    </groups>
    <test started-at="2019-08-30T18:02:28Z" name="Default test" finished-at="2019-08-30T18:06:11Z" duration-ms="222213">
      <class name="testCases.TestPeople">
        <test-method is-config="true" signature="setup()[pri:0, instance:testCases.TestPeople@d83da2e]" started-at="2019-08-30T18:02:29Z" name="setup" finished-at="2019-08-30T18:02:52Z" duration-ms="23586" status="PASS">
          <reporter-output>
          </reporter-output>
        </test-method> <!-- setup -->
        <test-method signature="testApache()[pri:0, instance:testCases.TestPeople@d83da2e]" started-at="2019-08-30T18:02:52Z" name="testApache" finished-at="2019-08-30T18:06:00Z" duration-ms="187728" status="PASS">
          <reporter-output>
          </reporter-output>
        </test-method> <!-- testApache -->
        <test-method signature="writingInExcel()[pri:0, instance:testCases.TestPeople@d83da2e]" started-at="2019-08-30T18:06:00Z" name="writingInExcel" finished-at="2019-08-30T18:06:11Z" duration-ms="10803" status="PASS">
          <reporter-output>
          </reporter-output>
        </test-method> <!-- writingInExcel -->
      </class> <!-- testCases.TestPeople -->
    </test> <!-- Default test -->
  </suite> <!-- Default suite -->
</testng-results>
